build/app/intermediates/manifest_merge_blame_file/debug/processDebugMainManifest/manifest-merger-blame-debug-report.txt
1<?xml version="1.0" encoding="utf-8"?>
2<manifest xmlns:android="http://schemas.android.com/apk/res/android"
3    package="com.example.ctrlzed"
4    android:versionCode="1"
5    android:versionName="1.0.0" >
6
7    <uses-sdk
8        android:minSdkVersion="21"
9        android:targetSdkVersion="35" />
10    <!--
11         The INTERNET permission is required for development. Specifically,
12         the Flutter tool needs it to communicate with the running application
13         to allow setting breakpoints, to provide hot reload, etc.
14    -->
15    <uses-permission android:name="android.permission.INTERNET" />
15-->src\main\AndroidManifest.xml:2:5-66
15-->src\main\AndroidManifest.xml:2:22-64
16    <uses-permission android:name="android.permission.ACCESS_FINE_LOCATION" />
16-->src\main\AndroidManifest.xml:3:5-79
16-->src\main\AndroidManifest.xml:3:22-76
17    <uses-permission android:name="android.permission.ACCESS_COARSE_LOCATION" />
17-->src\main\AndroidManifest.xml:4:5-81
17-->src\main\AndroidManifest.xml:4:22-78
18    <!--
19 Required to query activities that can process text, see:
20         https://developer.android.com/training/package-visibility and
21         https://developer.android.com/reference/android/content/Intent#ACTION_PROCESS_TEXT.
22
23         In particular, this is used by the Flutter engine in io.flutter.plugin.text.ProcessTextPlugin.
24    -->
25    <queries>
25-->src\main\AndroidManifest.xml:47:5-52:15
26        <intent>
26-->src\main\AndroidManifest.xml:48:9-51:18
27            <action android:name="android.intent.action.PROCESS_TEXT" />
27-->src\main\AndroidManifest.xml:49:13-72
27-->src\main\AndroidManifest.xml:49:21-70
28
29            <data android:mimeType="text/plain" />
29-->src\main\AndroidManifest.xml:50:13-50
29-->src\main\AndroidManifest.xml:50:19-48
30        </intent>
31    </queries>
32
33    <uses-permission android:name="android.permission.ACCESS_NETWORK_STATE" />
33-->[androidx.media3:media3-common:1.4.1] AndroidManifest.xml:22:5-79
33-->[androidx.media3:media3-common:1.4.1] AndroidManifest.xml:22:22-76
34
35    <permission
35-->[androidx.core:core:1.13.1] AndroidManifest.xml:22:5-24:47
36        android:name="com.example.ctrlzed.DYNAMIC_RECEIVER_NOT_EXPORTED_PERMISSION"
36-->[androidx.core:core:1.13.1] AndroidManifest.xml:23:9-81
37        android:protectionLevel="signature" />
37-->[androidx.core:core:1.13.1] AndroidManifest.xml:24:9-44
38
39    <uses-permission android:name="com.example.ctrlzed.DYNAMIC_RECEIVER_NOT_EXPORTED_PERMISSION" />
39-->[androidx.core:core:1.13.1] AndroidManifest.xml:26:5-97
39-->[androidx.core:core:1.13.1] AndroidManifest.xml:26:22-94
40
41    <application
42        android:name="android.app.Application"
43        android:appComponentFactory="androidx.core.app.CoreComponentFactory"
43-->[androidx.core:core:1.13.1] AndroidManifest.xml:28:18-86
44        android:debuggable="true"
45        android:extractNativeLibs="true"
46        android:icon="@mipmap/ic_launcher"
47        android:label="ctrlzed" >
48        <activity
49            android:name="com.example.ctrlzed.MainActivity"
50            android:configChanges="orientation|keyboardHidden|keyboard|screenSize|smallestScreenSize|locale|layoutDirection|fontScale|screenLayout|density|uiMode"
51            android:exported="true"
52            android:hardwareAccelerated="true"
53            android:launchMode="singleTop"
54            android:taskAffinity=""
55            android:theme="@style/LaunchTheme"
56            android:windowSoftInputMode="adjustResize" >
57
58            <!--
59                 Specifies an Android theme to apply to this Activity as soon as
60                 the Android process has started. This theme is visible to the user
61                 while the Flutter UI initializes. After that, this theme continues
62                 to determine the Window background behind the Flutter UI.
63            -->
64            <meta-data
65                android:name="io.flutter.embedding.android.NormalTheme"
66                android:resource="@style/NormalTheme" />
67
68            <intent-filter>
69                <action android:name="android.intent.action.MAIN" />
70
71                <category android:name="android.intent.category.LAUNCHER" />
72            </intent-filter>
73        </activity>
74        <!--
75             Don't delete the meta-data below.
76             This is used by the Flutter tool to generate GeneratedPluginRegistrant.java
77        -->
78        <meta-data
79            android:name="flutterEmbedding"
80            android:value="2" />
81        <meta-data
82            android:name="com.google.android.geo.API_KEY"
83            android:value="YOUR_API_KEY_HERE" />
84        <meta-data
85            android:name="flutterEmbedding"
86            android:value="2" />
87
88        <service
88-->[:geolocator_android] AndroidManifest.xml:8:9-12:56
89            android:name="com.baseflow.geolocator.GeolocatorLocationService"
89-->[:geolocator_android] AndroidManifest.xml:9:13-77
90            android:enabled="true"
90-->[:geolocator_android] AndroidManifest.xml:10:13-35
91            android:exported="false"
91-->[:geolocator_android] AndroidManifest.xml:11:13-37
92            android:foregroundServiceType="location" />
92-->[:geolocator_android] AndroidManifest.xml:12:13-53
93
94        <uses-library
94-->[androidx.window:window:1.2.0] AndroidManifest.xml:23:9-25:40
95            android:name="androidx.window.extensions"
95-->[androidx.window:window:1.2.0] AndroidManifest.xml:24:13-54
96            android:required="false" />
96-->[androidx.window:window:1.2.0] AndroidManifest.xml:25:13-37
97        <uses-library
97-->[androidx.window:window:1.2.0] AndroidManifest.xml:26:9-28:40
98            android:name="androidx.window.sidecar"
98-->[androidx.window:window:1.2.0] AndroidManifest.xml:27:13-51
99            android:required="false" />
99-->[androidx.window:window:1.2.0] AndroidManifest.xml:28:13-37
100
101        <activity
101-->[com.google.android.gms:play-services-base:18.3.0] AndroidManifest.xml:20:9-22:45
102            android:name="com.google.android.gms.common.api.GoogleApiActivity"
102-->[com.google.android.gms:play-services-base:18.3.0] AndroidManifest.xml:20:19-85
103            android:exported="false"
103-->[com.google.android.gms:play-services-base:18.3.0] AndroidManifest.xml:22:19-43
104            android:theme="@android:style/Theme.Translucent.NoTitleBar" />
104-->[com.google.android.gms:play-services-base:18.3.0] AndroidManifest.xml:21:19-78
105
106        <meta-data
106-->[com.google.android.gms:play-services-basement:18.3.0] AndroidManifest.xml:21:9-23:69
107            android:name="com.google.android.gms.version"
107-->[com.google.android.gms:play-services-basement:18.3.0] AndroidManifest.xml:22:13-58
108            android:value="@integer/google_play_services_version" />
108-->[com.google.android.gms:play-services-basement:18.3.0] AndroidManifest.xml:23:13-66
109
110        <provider
110-->[androidx.lifecycle:lifecycle-process:2.7.0] AndroidManifest.xml:24:9-32:20
111            android:name="androidx.startup.InitializationProvider"
111-->[androidx.lifecycle:lifecycle-process:2.7.0] AndroidManifest.xml:25:13-67
112            android:authorities="com.example.ctrlzed.androidx-startup"
112-->[androidx.lifecycle:lifecycle-process:2.7.0] AndroidManifest.xml:26:13-68
113            android:exported="false" >
113-->[androidx.lifecycle:lifecycle-process:2.7.0] AndroidManifest.xml:27:13-37
114            <meta-data
114-->[androidx.lifecycle:lifecycle-process:2.7.0] AndroidManifest.xml:29:13-31:52
115                android:name="androidx.lifecycle.ProcessLifecycleInitializer"
115-->[androidx.lifecycle:lifecycle-process:2.7.0] AndroidManifest.xml:30:17-78
116                android:value="androidx.startup" />
116-->[androidx.lifecycle:lifecycle-process:2.7.0] AndroidManifest.xml:31:17-49
117            <meta-data
117-->[androidx.profileinstaller:profileinstaller:1.3.1] AndroidManifest.xml:29:13-31:52
118                android:name="androidx.profileinstaller.ProfileInstallerInitializer"
118-->[androidx.profileinstaller:profileinstaller:1.3.1] AndroidManifest.xml:30:17-85
119                android:value="androidx.startup" />
119-->[androidx.profileinstaller:profileinstaller:1.3.1] AndroidManifest.xml:31:17-49
120        </provider>
121
122        <receiver
122-->[androidx.profileinstaller:profileinstaller:1.3.1] AndroidManifest.xml:34:9-52:20
123            android:name="androidx.profileinstaller.ProfileInstallReceiver"
123-->[androidx.profileinstaller:profileinstaller:1.3.1] AndroidManifest.xml:35:13-76
124            android:directBootAware="false"
124-->[androidx.profileinstaller:profileinstaller:1.3.1] AndroidManifest.xml:36:13-44
125            android:enabled="true"
125-->[androidx.profileinstaller:profileinstaller:1.3.1] AndroidManifest.xml:37:13-35
126            android:exported="true"
126-->[androidx.profileinstaller:profileinstaller:1.3.1] AndroidManifest.xml:38:13-36
127            android:permission="android.permission.DUMP" >
127-->[androidx.profileinstaller:profileinstaller:1.3.1] AndroidManifest.xml:39:13-57
128            <intent-filter>
128-->[androidx.profileinstaller:profileinstaller:1.3.1] AndroidManifest.xml:40:13-42:29
129                <action android:name="androidx.profileinstaller.action.INSTALL_PROFILE" />
129-->[androidx.profileinstaller:profileinstaller:1.3.1] AndroidManifest.xml:41:17-91
129-->[androidx.profileinstaller:profileinstaller:1.3.1] AndroidManifest.xml:41:25-88
130            </intent-filter>
131            <intent-filter>
131-->[androidx.profileinstaller:profileinstaller:1.3.1] AndroidManifest.xml:43:13-45:29
132                <action android:name="androidx.profileinstaller.action.SKIP_FILE" />
132-->[androidx.profileinstaller:profileinstaller:1.3.1] AndroidManifest.xml:44:17-85
132-->[androidx.profileinstaller:profileinstaller:1.3.1] AndroidManifest.xml:44:25-82
133            </intent-filter>
134            <intent-filter>
134-->[androidx.profileinstaller:profileinstaller:1.3.1] AndroidManifest.xml:46:13-48:29
135                <action android:name="androidx.profileinstaller.action.SAVE_PROFILE" />
135-->[androidx.profileinstaller:profileinstaller:1.3.1] AndroidManifest.xml:47:17-88
135-->[androidx.profileinstaller:profileinstaller:1.3.1] AndroidManifest.xml:47:25-85
136            </intent-filter>
137            <intent-filter>
137-->[androidx.profileinstaller:profileinstaller:1.3.1] AndroidManifest.xml:49:13-51:29
138                <action android:name="androidx.profileinstaller.action.BENCHMARK_OPERATION" />
138-->[androidx.profileinstaller:profileinstaller:1.3.1] AndroidManifest.xml:50:17-95
138-->[androidx.profileinstaller:profileinstaller:1.3.1] AndroidManifest.xml:50:25-92
139            </intent-filter>
140        </receiver>
141    </application>
142
143</manifest>